<?xml version="1.0" encoding="UTF-8"?>
<!-- Generated by org.testng.reporters.JUnitXMLReporter -->
<testsuite ignored="4" hostname="DESKTOP-8S455D7" failures="0" tests="3" name="Test" time="2.569" errors="0" timestamp="12 Nov 2021 08:58:49 GMT">
  <testcase classname="com.rmgyantra.projecttest.AddProjectWithCompletedStatus" name="addProjectWithCompletedStatusTest" time="2.395"/>
  <testcase classname="com.rmgyantra.projecttest.AddProjectWithOnGoingStatus" name="addProjectWithCompletedStatusTest" time="0.086"/>
  <testcase classname="com.rmgyantra.projecttest.AddProjectWithCreatedStatus" name="addProjectWithCompletedStatusTest" time="0.058"/>
  <testcase classname="com.rmgyantra.gerenericUtility.APiBaseClass" name="@BeforeSuite configBeforeSuite" time="0.0">
    <ignored/>
  </testcase> <!-- @BeforeSuite configBeforeSuite -->
  <testcase classname="com.rmgyantra.gerenericUtility.APiBaseClass" name="@BeforeSuite configBeforeSuite" time="0.0">
    <ignored/>
  </testcase> <!-- @BeforeSuite configBeforeSuite -->
  <testcase classname="com.rmgyantra.gerenericUtility.APiBaseClass" name="@AfterSuite configAfterSuite" time="0.0">
    <ignored/>
  </testcase> <!-- @AfterSuite configAfterSuite -->
  <testcase classname="com.rmgyantra.gerenericUtility.APiBaseClass" name="@AfterSuite configAfterSuite" time="0.0">
    <ignored/>
  </testcase> <!-- @AfterSuite configAfterSuite -->
</testsuite> <!-- Test -->
